0 info it worked if it ends with ok
1 verbose cli [ 'C:\\nodejs\\node.exe',
1 verbose cli   'C:\\Users\\hleclair\\AppData\\Roaming\\npm\\node_modules\\npm\\bin\\npm-cli.js',
1 verbose cli   'start' ]
2 info using npm@3.8.9
3 info using node@v6.1.0
4 verbose run-script [ 'prestart', 'start', 'poststart' ]
5 info lifecycle parking-magic@0.0.0~prestart: parking-magic@0.0.0
6 silly lifecycle parking-magic@0.0.0~prestart: no script for prestart, continuing
7 info lifecycle parking-magic@0.0.0~start: parking-magic@0.0.0
8 verbose lifecycle parking-magic@0.0.0~start: unsafe-perm in lifecycle true
9 verbose lifecycle parking-magic@0.0.0~start: PATH: C:\Users\hleclair\AppData\Roaming\npm\node_modules\npm\bin\node-gyp-bin;C:\newApp\DWDevConsole\NewDwDevConsole\DWDevConsole\server\node_modules\.bin;C:\nodejs;%SystemRoot%\system32\WindowsPowerShell\v1.0\;C:\ProgramData\Oracle\Java\javapath;\\W-HLECLAIR\C\Program Files (x86)\CollabNet;C:\Program Files (x86)\Embarcadero\Studio\14.0\bin;C:\Users\hleclair\Documents\Embarcadero\Studio\14.0\Bpl;C:\Program Files (x86)\Embarcadero\Studio\14.0\bin64;C:\Users\hleclair\Documents\Embarcadero\Studio\14.0\Bpl\Win64;C:\Program Files\CollabNet\Subversion Client;C:\Windows\system32;C:\Windows;C:\Windows\System32\Wbem;C:\Windows\System32\WindowsPowerShell\v1.0\;C:\Program Files\TortoiseSVN\bin;C:\xeclient\bin;C:\hxrun;C:\Program Files (x86)\HL7TestHarness\Release;C:\src\build;C:\src\core\bin;C:\Program Files (x86)\Windows Kits\8.1\Windows Performance Toolkit\;C:\Program Files\Microsoft SQL Server\110\Tools\Binn\;C:\Program Files (x86)\Microsoft SDKs\TypeScript\1.0\;C:\Program Files\Microsoft SQL Server\120\Tools\Binn\;C:\Git\cmd;C:\Python2.7.10;C:\nodejs\;C:\path\to\python.exe ;C:\Users\Public\Documents\Embarcadero\Studio\14.0\Bpl;C:\Users\hleclair\AppData\Roaming\npm
10 verbose lifecycle parking-magic@0.0.0~start: CWD: C:\newApp\DWDevConsole\NewDwDevConsole\DWDevConsole\server
11 silly lifecycle parking-magic@0.0.0~start: Args: [ '/d /s /c', 'node server.js' ]
12 silly lifecycle parking-magic@0.0.0~start: Returned: code: 1  signal: null
13 info lifecycle parking-magic@0.0.0~start: Failed to exec start script
14 verbose stack Error: parking-magic@0.0.0 start: `node server.js`
14 verbose stack Exit status 1
14 verbose stack     at EventEmitter.<anonymous> (C:\Users\hleclair\AppData\Roaming\npm\node_modules\npm\lib\utils\lifecycle.js:245:16)
14 verbose stack     at emitTwo (events.js:106:13)
14 verbose stack     at EventEmitter.emit (events.js:191:7)
14 verbose stack     at ChildProcess.<anonymous> (C:\Users\hleclair\AppData\Roaming\npm\node_modules\npm\lib\utils\spawn.js:24:14)
14 verbose stack     at emitTwo (events.js:106:13)
14 verbose stack     at ChildProcess.emit (events.js:191:7)
14 verbose stack     at maybeClose (internal/child_process.js:850:16)
14 verbose stack     at Process.ChildProcess._handle.onexit (internal/child_process.js:215:5)
15 verbose pkgid parking-magic@0.0.0
16 verbose cwd C:\newApp\DWDevConsole\NewDwDevConsole\DWDevConsole\server
17 error Windows_NT 6.1.7601
18 error argv "C:\\nodejs\\node.exe" "C:\\Users\\hleclair\\AppData\\Roaming\\npm\\node_modules\\npm\\bin\\npm-cli.js" "start"
19 error node v6.1.0
20 error npm  v3.8.9
21 error code ELIFECYCLE
22 error parking-magic@0.0.0 start: `node server.js`
22 error Exit status 1
23 error Failed at the parking-magic@0.0.0 start script 'node server.js'.
23 error Make sure you have the latest version of node.js and npm installed.
23 error If you do, this is most likely a problem with the parking-magic package,
23 error not with npm itself.
23 error Tell the author that this fails on your system:
23 error     node server.js
23 error You can get information on how to open an issue for this project with:
23 error     npm bugs parking-magic
23 error Or if that isn't available, you can get their info via:
23 error     npm owner ls parking-magic
23 error There is likely additional logging output above.
24 verbose exit [ 1, true ]
